1394 2023-11-27 12:02:39 POST /api/ej-db {
    "ip_address":"10.102.13.93",
    "start_date":"2023-11-16 00:00:00",
    "limit":10
} 200    6.0224271s
1394 2023-11-27 12:03:14 POST /api/ej-db {
    "ip_address":"10.102.13.93",
    "start_date":"2023-11-16 00:00:00",
    "limit":10,
    "start_request":2
} 200    5.8084554s
2016 2023-11-27 13:42:05 POST /api/ej-db {
    "ip_address":"10.102.13.93",
    "start_date":"2023-11-16 00:00:00",
    "limit":10
} 200    5.8163645s
2016 2023-11-27 13:42:28 POST /api/ej-db {
    "ip_address":"10.102.13.93",
    "start_date":"2023-11-16 00:00:00",
    "limit":10,
    "request_page":1
} 200    238.6423ms
2016 2023-11-27 13:42:37 POST /api/ej-db {
    "ip_address":"10.102.13.93",
    "start_date":"2023-11-16 00:00:00",
    "limit":10,
    "request_page":2
} 200    327.5465ms
2016 2023-11-27 13:42:49 POST /api/ej-db {
    "ip_address":"10.102.13.93",
    "start_date":"2023-11-16 00:00:00",
    "limit":10,
    "request_page":3
} 200    5.9431599s
2883 2023-11-27 13:46:00 POST /api/ej-db {
    "ip_address":"10.102.13.93",
    "start_date":"2023-11-16 00:00:00",
    "limit":10,
    "page":0
} 200    5.4400663s
2883 2023-11-27 13:46:13 POST /api/ej-db {
    "ip_address":"10.102.13.93",
    "start_date":"2023-11-16 00:00:00",
    "limit":10,
    "page":1
} 200    132.3067ms
2883 2023-11-27 13:47:13 POST /api/ej-db {
    "ip_address":"10.102.13.93",
    "start_date":"2023-11-16 00:00:00",
    "limit":10,
    "page":0
} 200    5.4363156s
3314 2023-11-27 13:53:14 POST /api/ej-db {
    "ip_address":"10.102.13.93",
    "start_date":"2023-11-16 00:00:00",
    "limit":10,
    "page":0
} 400       232.8µs
5021 2023-11-27 13:58:45 POST /api/ej-db {
    "ip_address":"10.102.13.93",
    "start_date":"2023-11-16 00:00:00",
    "limit":10,
    "page":0
} 400       295.5µs
5946 2023-11-27 14:00:17 POST /api/ej-db {
    "ip_address":"10.102.13.93",
    "start_date":"2023-11-16 00:00:00",
    "limit":10,
    "page":0
} 400       700.2µs
6399 2023-11-27 14:01:06 POST /api/ej-db {
    "ip_address":"10.102.13.93",
    "start_date":"2023-11-16 00:00:00",
    "limit":10,
    "page":0
} 400       272.6µs
8742 2023-11-27 14:02:28 POST /api/ej-db {
    "ip_address":"10.102.13.93",
    "start_date":"2023-11-16 00:00:00",
    "limit":10,
    "page":0
} 400       287.7µs
9060 2023-11-27 14:02:58 POST /api/ej-db {
    "ip_address":"10.102.13.93",
    "start_date":"2023-11-16 00:00:00",
    "limit":10,
    "page":0
} 400      1.5612ms
9867 2023-11-27 14:19:38 POST /api/ej-db {
    "ip_address":"10.102.13.93",
    "start_date":"2023-11-16 00:00:00",
    "limit":1000000,
    "page":1
} 400       399.2µs
10368 2023-11-27 14:20:41 POST /api/ej-db {
    "ip_address":"10.102.13.93",
    "start_date":"2023-11-16 00:00:00",
    "limit":10,
    "page":0
} 200     5.661935s
10684 2023-11-27 14:21:46 POST /api/ej-db {
    "ip_address":"10.102.13.93",
    "start_date":"2023-11-16 00:00:00",
    "limit":10,
    "page":0
} 200   10.7677689s
11164 2023-11-27 14:23:54 POST /api/ej-db {
    "ip_address":"10.102.13.93",
    "start_date":"2023-11-16 00:00:00",
    "limit":10,
    "page":0
} 400       234.8µs
13105 2023-11-27 14:47:42 POST /api/ej-db {
    "ip_address":"10.102.13.93",
    "start_date":"2023-11-16 00:00:00",
    "limit":10,
    "page":1
} 404    5.5661342s
13418 2023-11-27 14:48:54 POST /api/ej-db {
    "ip_address":"10.102.13.93",
    "start_date":"2023-11-16 00:00:00",
    "limit":10,
    "page":1
} 404    5.6748952s
14019 2023-11-27 14:50:26 POST /api/ej-db {
    "ip_address":"10.102.13.93",
    "start_date":"2023-11-16 00:00:00",
    "limit":10,
    "page":1
} 200    5.4895236s
16070 2023-11-27 14:57:06 POST /api/ej-db {
    "ip_address":"10.102.13.93",
    "start_date":"2023-11-16 00:00:00",
    "limit":10,
    "page":1
} 200    5.6215532s
16070 2023-11-27 14:57:38 POST /api/ej-db {
    "ip_address":"10.102.13.93",
    "start_date":"2023-11-16 10:51:38",
    "limit":10,
    "page":1
} 200    10.340793s
17070 2023-11-27 15:03:14 POST /api/ej-db {
    "ip_address":"10.102.13.93",
    "start_date":"2023-11-16 10:51:38",
    "limit":10,
    "page":1
} 404   18.0668271s
17070 2023-11-27 15:04:12 POST /api/ej-db {
    "ip_address":"10.102.13.93",
    "start_date":"2023-11-16 00:00:00",
    "limit":10,
    "page":1
} 404    5.6747349s
17412 2023-11-27 15:05:02 POST /api/ej-db {
    "ip_address":"10.102.13.93",
    "start_date":"2023-11-16 00:00:00",
    "limit":10,
    "page":1
} 404    5.6508635s
17732 2023-11-27 15:05:20 POST /api/ej-db {
    "ip_address":"10.102.13.93",
    "start_date":"2023-11-16 00:00:00",
    "limit":10,
    "page":1
} 200     104.946ms
17732 2023-11-27 15:05:36 POST /api/ej-db {
    "ip_address":"10.102.13.93",
    "start_date":"2023-11-16 10:51:38",
    "limit":10,
    "page":1
} 200    123.2704ms
17732 2023-11-27 15:05:46 POST /api/ej-db {
    "ip_address":"10.102.13.93",
    "start_date":"2023-11-16 10:52:38",
    "limit":10,
    "page":1
} 200    5.6115746s
18805 2023-11-27 15:09:26 POST /api/ej-db {
    "ip_address":"10.102.13.93",
    "start_date":"2023-11-16 10:52:38",
    "limit":10,
    "page":1
} 200     5.506778s
20009 2023-11-27 15:22:20 POST /api/ej-db {
    "ip_address":"10.102.13.93",
    "start_date":"2023-11-16 10:52:38",
    "limit":10,
    "page":1
} 404    5.5237604s
20009 2023-11-27 15:22:51 POST /api/ej-db {
    "ip_address":"10.102.13.93",
    "start_date":"2023-11-16 10:52:38",
    "limit":10,
    "page":1
} 404    100.1136ms
21084 2023-11-27 15:25:13 POST /api/ej-db {
    "ip_address":"10.102.13.93",
    "start_date":"2023-11-16 10:52:38",
    "limit":10,
    "page":1
} 404    5.5045396s
21393 2023-11-27 15:32:11 POST /api/ej-db {
    "ip_address":"10.102.13.93",
    "start_date":"2023-11-16 10:52:38",
    "limit":10,
    "page":1
} 404    5.4640061s
22001 2023-11-27 15:40:18 POST /api/ej-db {
    "ip_address":"10.102.13.93",
    "start_date":"2023-11-16 10:52:38",
    "limit":10,
    "page":1
} 404   12.0062062s
22327 2023-11-27 15:40:55 POST /api/ej-db {
    "ip_address":"10.102.13.93",
    "start_date":"2023-11-16 10:52:38",
    "limit":10,
    "page":1
} 404     82.4547ms
22926 2023-11-27 15:42:16 POST /api/ej-db {
    "ip_address":"10.102.13.93",
    "start_date":"2023-11-16 10:52:38",
    "limit":10,
    "page":1
} 404    5.5951868s
23258 2023-11-27 15:43:11 POST /api/ej-db {
    "ip_address":"10.102.13.93",
    "start_date":"2023-11-16 10:52:38",
    "limit":10,
    "page":1
} 404    5.5616043s
23735 2023-11-27 15:43:59 POST /api/ej-db {
    "ip_address":"10.102.13.93",
    "start_date":"2023-11-16 10:52:38",
    "limit":10,
    "page":1
} 200    5.4535228s
23735 2023-11-27 15:44:45 POST /api/ej-db {
    "idx_ejlog":1450,
    "ip_address":"10.102.13.93",
    "start_date":"2023-11-16 10:52:38",
    "limit":10,
    "page":2
} 200   10.6234054s
23735 2023-11-27 15:46:27 POST /api/ej-db {
    "idx_ejlog":1460,
    "ip_address":"10.102.13.93",
    "start_date":"2023-11-16 11:48:06",
    "limit":10,
    "page":3
} 200    5.6797939s
23735 2023-11-27 15:48:13 POST /api/ej-db {
    "idx_ejlog":1460,
    "ip_address":"10.102.13.93",
    "start_date":"2023-11-16 11:48:06",
    "limit":10,
    "page":"4"
} 422      2.5164ms
23735 2023-11-27 15:48:30 POST /api/ej-db {
    "idx_ejlog":1460,
    "ip_address":"10.102.13.93",
    "start_date":"2023-11-16 11:48:06",
    "limit":10,
    "page":4a
} 422        34.1µs
23735 2023-11-27 15:48:44 POST /api/ej-db {
    "idx_ejlog":1460,
    "ip_address":"10.102.13.93",
    "start_date":"2023-11-16 11:48:06",
    "limit":10,
    "page":A
} 422        75.8µs
23735 2023-11-27 15:48:53 POST /api/ej-db {
    "idx_ejlog":1460,
    "ip_address":"10.102.13.93",
    "start_date":"2023-11-16 11:48:06",
    "limit":10,
    "page":1A
} 422        85.6µs
23735 2023-11-27 15:48:59 POST /api/ej-db {
    "idx_ejlog":1460,
    "ip_address":"10.102.13.93",
    "start_date":"2023-11-16 11:48:06",
    "limit":10,
    "page":4b
} 422      12.514ms
27803 2023-11-27 16:06:02 POST /api/ej-db {
    "idx_ejlog":1460,
    "ip_address":"10.102.13.93",
    "start_date":"2023-11-16 11:48:06",
    "limit":10,
    "page":4b
} 422       118.8µs
28753 2023-11-27 16:06:48 POST /api/ej-db {
    "idx_ejlog":1460,
    "ip_address":"10.102.13.93",
    "start_date":"2023-11-16 11:48:06",
    "limit":10,
    "page":4b
} 422         253µs
28753 2023-11-27 16:11:22 POST /api/ej-db {
    "idx_ejlog":1460,
    "ip_address":"10.102.13.93",
    "start_date":"2023-11-16 11:48:06",
    "limit":10a,
    "page":4b
} 422      2.5214ms
28753 2023-11-27 16:11:30 POST /api/ej-db {
    "idx_ejlog":1460,
    "ip_address":"10.102.13.93",
    "start_date":"2023-11-16 11:48:06",
    "limit":"10",
    "page":4b
} 422        30.5µs
31184 2023-11-27 16:19:27 POST /api/ej-db {
    "idx_ejlog":1460,
    "ip_address":"10.102.13.93",
    "start_date":"2023-11-16 11:48:06",
    "limit":"10",
    "page":4c
} 422       144.6µs
31184 2023-11-27 16:19:53 POST /api/ej-db {
    "idx_ejlog":1460,
    "ip_address":"10.102.13.93",
    "start_date":"2023-11-16 11:48:06",
    "limit":"10",
    "page":4b
} 422        34.8µs
1267 2023-11-27 16:25:03 POST /api/ej-db {
    "idx_ejlog":1460,
    "ip_address":"10.102.13.93",
    "start_date":"2023-11-16 11:48:06",
    "limit":"10",
    "page":4b
} 422       572.7µs
1590 2023-11-27 16:25:21 POST /api/ej-db {
    "idx_ejlog":1460,
    "ip_address":"10.102.13.93",
    "start_date":"2023-11-16 11:48:06",
    "limit":"10",
    "page":4b
} 422          90µs
1590 2023-11-27 16:25:25 POST /api/ej-db {
    "idx_ejlog":1460,
    "ip_address":"10.102.13.93",
    "start_date":"2023-11-16 11:48:06",
    "limit":"10",
    "page":4c
} 422       1.275ms
1590 2023-11-27 16:25:28 POST /api/ej-db {
    "idx_ejlog":1460,
    "ip_address":"10.102.13.93",
    "start_date":"2023-11-16 11:48:06",
    "limit":"10",
    "page":4
} 422        66.1µs
1590 2023-11-27 16:30:42 POST /api/ej-db {
    "idx_ejlog":1460,
    "ip_address":"10.102.13.93",
    "start_date":"2023-11-16 11:48:06",
    "limit":"10",
    "page":4
} 422       329.1µs
2170 2023-11-27 16:34:46 POST /api/ej-db {
    "idx_ejlog":1460,
    "ip_address":"10.102.13.93",
    "start_date":"2023-11-16 11:48:06",
    "limit":"10",
    "page":4
} 422      2.8201ms
2480 2023-11-27 16:36:06 POST /api/ej-db {
    "idx_ejlog":1460,
    "ip_address":"10.102.13.93",
    "start_date":"2023-11-16 11:48:06",
    "limit":10,
    "page":4
} 200    5.6786859s
2480 2023-11-27 16:36:29 POST /api/ej-db {
    "idx_ejlog":1460,
    "ip_address":"10.102.13.93",
    "start_date":"2023-11-16 11:48:06",
    "limit":"10",
    "page":4
} 422        80.4µs
5314 2023-11-27 18:22:47 POST /api/ej-db {
    "ip_address":"10.102.13.93",
    "start_date":"2023-11-16 00:00:00",
    "limit":"10",
    "page":4
} 422       947.9µs
5314 2023-11-27 18:23:07 POST /api/ej-db {
    "ip_address":"10.102.13.93",
    "start_date":"2023-11-16 00:00:00",
    "limit":10,
    "page":4
} 404    5.6301955s
5641 2023-11-27 18:23:41 POST /api/ej-db {
    "ip_address":"10.102.13.93",
    "start_date":"2023-11-16 00:00:00",
    "limit":10,
    "page":4
} 404     110.564ms
6099 2023-11-27 18:24:20 POST /api/ej-db {
    "ip_address":"10.102.13.93",
    "start_date":"2023-11-16 00:00:00",
    "limit":10,
    "page":4
} 404    5.7015175s
6437 2023-11-27 18:25:48 POST /api/ej-db {
    "ip_address":"10.102.13.93",
    "start_date":"2023-11-16 00:00:00",
    "limit":10,
    "page":4
} 404    5.6133421s
6953 2023-11-27 18:28:58 POST /api/ej-db {
    "ip_address":"10.102.13.93",
    "start_date":"2023-11-16 00:00:00",
    "limit":10,
    "page":4
} 200    5.5072645s
8509 2023-11-27 18:51:46 POST /api/ej-db {
    "ip_address":"10.102.13.93",
    "start_date":"2023-11-16 00:00:00",
    "limit":10,
    "page":4
} 200    5.7419958s
8509 2023-11-27 18:52:08 POST /api/ej-db {
    "ip_address":"10.102.13.93",
    "start_date":"2023-11-16 00:00:00",
    "limit":10,
    "page":289
} 200    111.5646ms
8509 2023-11-27 18:52:26 POST /api/ej-db {
    "ip_address":"10.102.13.93",
    "start_date":"2023-11-16 00:00:00",
    "limit":10,
    "page":1
} 404    5.5265262s
8848 2023-11-27 18:55:21 POST /api/ej-db {
    "ip_address":"10.102.13.93",
    "start_date":"2023-11-16 00:00:00",
    "limit":10,
    "page":1
} 200    5.5874132s
8848 2023-11-27 18:55:37 POST /api/ej-db {
    "ip_address":"10.102.13.93",
    "start_date":"2023-11-16 00:00:00",
    "limit":100,
    "page":1
} 200     79.0212ms
8848 2023-11-27 18:56:34 POST /api/ej-db {
    "ip_address":"10.102.13.93",
    "start_date":"2023-11-16 00:00:00",
    "limit":30,
    "page":1
} 200    5.4649001s
8848 2023-11-27 18:56:42 POST /api/ej-db {
    "ip_address":"10.102.13.93",
    "start_date":"2023-11-16 00:00:00",
    "limit":100,
    "page":1
} 200     94.2044ms
8848 2023-11-27 18:56:47 POST /api/ej-db {
    "ip_address":"10.102.13.93",
    "start_date":"2023-11-16 00:00:00",
    "limit":100,
    "page":30
} 404     91.3292ms
8848 2023-11-27 18:56:57 POST /api/ej-db {
    "ip_address":"10.102.13.93",
    "start_date":"2023-11-16 00:00:00",
    "limit":100,
    "page":29
} 200    105.2845ms
8848 2023-11-27 18:57:49 POST /api/ej-db {
    "ip_address":"10.102.13.93",
    "start_date":"2023-11-16 00:00:00",
    "limit":100001,
    "page":29
} 400       313.5µs
8848 2023-11-27 18:58:04 POST /api/ej-db {
    "ip_address":"10.102.13.93",
    "start_date":"2023-11-16 00:00:00",
    "limit":10000,
    "page":1
} 200     5.648211s
8848 2023-11-27 18:58:32 POST /api/ej-db {
    "ip_address":"10.102.13.93",
    "start_date":"2023-11-16 00:00:00",
    "limit":40,
    "page":1
} 200     93.5795ms
8848 2023-11-27 19:05:58 POST /api/ej-db {
    "ip_address":"10.102.13.93",
    "start_date":"2023-11-16 11:48:23",
    "limit":10,
    "page":1
} 200    5.5289578s
8848 2023-11-27 19:06:19 POST /api/ej-db {
    "ip_address":"10.102.13.93",
    "start_date":"2023-11-16 11:48:23",
    "limit":10,
    "page":2
} 200     91.3064ms
