11026 2023-11-24 13:07:30 POST /api/ej-db {
    "ip_address":"10.102.13.93",
    "start":"2023-11-16T00:00:00Z",
    "end":"2023-11-16T23:59:59Z",
    "limit":10
} 200    5.4690279s
11353 2023-11-24 13:08:10 POST /api/ej-db {
    "ip_address":"10.102.13.93",
    "start":"2023-11-16T00:00:00Z",
    "end":"2023-11-16T23:59:59Z",
    "limit":10
} 200    5.5965124s
11793 2023-11-24 13:09:01 POST /api/ej-db {
    "ip_address":"10.102.13.93",
    "start":"2023-11-16T00:00:00Z",
    "end":"2023-11-16T23:59:59Z",
    "limit":10
} 200    5.4575795s
12157 2023-11-24 13:10:13 POST /api/ej-db {
    "ip_address":"10.102.13.93",
    "start":"2023-11-16T00:00:00Z",
    "end":"2023-11-16T23:59:59Z",
    "limit":10
} 200    5.5345585s
12490 2023-11-24 13:11:20 POST /api/ej-db {
    "ip_address":"10.102.13.93",
    "start":"2023-11-16T00:00:00Z",
    "end":"2023-11-16T23:59:59Z",
    "limit":10
} 200    6.2933885s
13000 2023-11-24 13:12:39 POST /api/ej-db {
    "ip_address":"10.102.13.93",
    "start":"2023-11-16T00:00:00Z",
    "end":"2023-11-16T23:59:59Z",
    "limit":10
} 200    5.5549062s
13324 2023-11-24 13:14:14 POST /api/ej-db {
    "ip_address":"10.102.13.93",
    "start":"2023-11-16T00:00:00Z",
    "end":"2023-11-16T23:59:59Z",
    "limit":10
} 200    5.4726727s
14057 2023-11-24 13:15:56 POST /api/ej-db {
    "ip_address":"10.102.13.93",
    "start":"2023-11-16T00:00:00Z",
    "end":"2023-11-16T23:59:59Z",
    "limit":10
} 200    5.5781555s
14399 2023-11-24 13:16:58 POST /api/ej-db {
    "ip_address":"10.102.13.93",
    "start":"2023-11-16T00:00:00Z",
    "end":"2023-11-16T23:59:59Z",
    "limit":10
} 200    5.8973896s
15146 2023-11-24 13:18:21 POST /api/ej-db {
    "ip_address":"10.102.13.93",
    "start":"2023-11-16T00:00:00Z",
    "end":"2023-11-16T23:59:59Z",
    "limit":10
} 200    5.7797842s
15794 2023-11-24 13:19:42 POST /api/ej-db {
    "ip_address":"10.102.13.93",
    "start":"2023-11-16T00:00:00Z",
    "end":"2023-11-16T23:59:59Z",
    "limit":10
} 200    5.5561345s
18531 2023-11-24 13:24:59 POST /api/ej-db {
    "ip_address":"10.102.13.93",
    "start":"2023-11-16T00:00:00Z",
    "end":"2023-11-16T23:59:59Z",
    "limit":10
} 200    5.6822113s
20700 2023-11-24 13:34:17 POST /api/ej-db {
    "ip_address":"10.102.13.93",
    "start":"2023-11-16T00:00:00Z",
    "end":"2023-11-16T23:59:59Z",
    "limit":10
} 200    5.7018143s
21516 2023-11-24 13:35:03 POST /api/ej-db {
    "ip_address":"10.102.13.93",
    "start":"2023-11-16T00:00:00Z",
    "end":"2023-11-16T23:59:59Z",
    "limit":10
} 200    5.6196481s
24329 2023-11-24 14:36:05 POST /api/ej-db {
    "ip_address":"10.102.13.93",
    "start_date":"2023-11-16T00:00:00Z",
    "end_date":"2023-11-16T23:59:59Z",
    "limit":10
} 200    5.7566556s
24329 2023-11-24 14:38:09 POST /api/ej-db {
    "ip_address":"10.102.13.93",
    "start_date":"2023-11-16T00:00:00Z",
    "end_date":"2023-11-16T23:59:59Z",
    "limit":10,
    "request_page":2
} 200     6.253949s
24884 2023-11-24 14:40:51 POST /api/ej-db {
    "ip_address":"10.102.13.93",
    "start_date":"2023-11-16T00:00:00Z",
    "end_date":"2023-11-16T23:59:59Z",
    "limit":10
} 200    5.5906839s
24884 2023-11-24 14:41:12 POST /api/ej-db {
    "ip_address":"10.102.13.93",
    "start_date":"2023-11-16T00:00:00Z",
    "end_date":"2023-11-16T23:59:59Z",
    "limit":10,
    "request_page":1
} 200    162.1713ms
25209 2023-11-24 14:43:02 POST /api/ej-db {
    "ip_address":"10.102.13.93",
    "start_date":"2023-11-16T00:00:00Z",
    "end_date":"2023-11-16T23:59:59Z",
    "limit":10,
    "request_page":0
} 200    5.6558956s
25209 2023-11-24 14:43:19 POST /api/ej-db {
    "ip_address":"10.102.13.93",
    "start_date":"2023-11-16T00:00:00Z",
    "end_date":"2023-11-16T23:59:59Z",
    "limit":10,
    "request_page":1
} 200    619.2936ms
25531 2023-11-24 14:43:40 POST /api/ej-db {
    "ip_address":"10.102.13.93",
    "start_date":"2023-11-16T00:00:00Z",
    "end_date":"2023-11-16T23:59:59Z",
    "limit":10,
    "request_page":1
} 200    5.7279227s
26355 2023-11-24 14:44:50 POST /api/ej-db {
    "ip_address":"10.102.13.93",
    "start_date":"2023-11-16T00:00:00Z",
    "end_date":"2023-11-16T23:59:59Z",
    "limit":10,
    "request_page":1
} 200    6.1166145s
26658 2023-11-24 14:45:38 POST /api/ej-db {
    "ip_address":"10.102.13.93",
    "start_date":"2023-11-16T00:00:00Z",
    "end_date":"2023-11-16T23:59:59Z",
    "limit":10,
    "request_page":1
} 200    5.6468498s
27033 2023-11-24 14:47:32 POST /api/ej-db {
    "ip_address":"10.102.13.93",
    "start_date":"2023-11-16T00:00:00Z",
    "end_date":"2023-11-16T23:59:59Z",
    "limit":10,
    "request_page":1
} 200    5.6921818s
27378 2023-11-24 14:47:54 POST /api/ej-db {
    "ip_address":"10.102.13.93",
    "start_date":"2023-11-16T00:00:00Z",
    "end_date":"2023-11-16T23:59:59Z",
    "limit":10,
    "request_page":1
} 200     264.137ms
27728 2023-11-24 14:48:10 POST /api/ej-db {
    "ip_address":"10.102.13.93",
    "start_date":"2023-11-16T00:00:00Z",
    "end_date":"2023-11-16T23:59:59Z",
    "limit":10,
    "request_page":1
} 200    5.9171991s
27728 2023-11-24 14:54:24 POST /api/ej-db {
    "ip_address":"10.102.13.93",
    "start_date":"2023-11-16T00:00:00Z",
    "end_date":"2023-11-16T23:59:59Z",
    "limit":10,
    "request_page":3
} 200    5.6448538s
28614 2023-11-24 14:56:36 POST /api/ej-db {
    "ip_address":"10.102.13.93",
    "start_date":"2023-11-16T00:00:00Z",
    "end_date":"2023-11-16T23:59:59Z",
    "limit":10
} 200     5.906188s
29073 2023-11-24 14:59:51 POST /api/ej-db {
    "ip_address":"10.102.13.93",
    "start_date":"2023-11-16T00:00:00Z",
    "end_date":"2023-11-16T23:59:59Z",
    "limit":10
} 200    5.5635779s
29073 2023-11-24 15:00:31 POST /api/ej-db {
    "ip_address":"10.102.13.93",
    "start_date":"2023-11-16T00:00:00Z",
    "end_date":"2023-11-16T23:59:59Z",
    "limit":10,
    "request_page":1
} 200    5.7238648s
29073 2023-11-24 15:00:54 POST /api/ej-db {
    "ip_address":"10.102.13.93",
    "start_date":"2023-11-16T00:00:00Z",
    "end_date":"2023-11-16T23:59:59Z",
    "limit":10,
    "request_page":2
} 200    127.8728ms
29073 2023-11-24 15:02:59 POST /api/ej-db {
    "ip_address":"10.102.13.93",
    "start_date":"2023-11-16T00:00:00Z",
    "end_date":"2023-11-16T23:59:59Z",
    "limit":20,
    "request_page":2
} 200    5.5853888s
29966 2023-11-24 15:11:32 POST /api/ej-db {
    "ip_address":"10.102.13.93",
    "start_date":"2023-11-16T00:00:00Z",
    "end_date":"2023-11-16T23:59:59Z",
    "limit":20
} 200    5.9216203s
30472 2023-11-24 15:12:42 POST /api/ej-db {
    "ip_address":"10.102.13.93",
    "start_date":"2023-11-16T00:00:00Z",
    "end_date":"2023-11-16T23:59:59Z",
    "limit":20
} 200    5.6151967s
30472 2023-11-24 15:21:24 POST /api/ej-db {
    "ip_address":"10.102.13.93",
    "start_date":"2023-11-16T00:00:00Z",
    "end_date":"2023-11-16T23:59:59Z",
    "limit":20,
    "request_page":2
} 200    5.5780739s
30472 2023-11-24 15:21:45 POST /api/ej-db {
    "ip_address":"10.102.13.93",
    "start_date":"2023-11-16T00:00:00Z",
    "end_date":"2023-11-16T23:59:59Z",
    "limit":20,
    "request_page":1
} 200    570.0431ms
30472 2023-11-24 15:51:14 POST /api/ej-db {
    "ip_address":"10.102.13.93",
    "start_date":"2023-11-16T00:00:00Z",
    "end_date":"2023-11-16T23:59:59Z",
    "limit":30,
    "request_page":2
} 200    5.7980987s
32160 2023-11-24 16:02:39 POST /api/ej-db {
    "ip_address":"10.102.13.93",
    "start_date":"2023-11-16T00:00:00Z",
    "end_date":"2023-11-16T23:59:59Z",
    "limit":30,
    "request_page":2
} 200    5.6791431s
32160 2023-11-24 16:02:53 POST /api/ej-db {
    "ip_address":"10.102.13.93",
    "start_date":"2023-11-16T00:00:00Z",
    "end_date":"2023-11-16T23:59:59Z",
    "limit":30,
    "request_page":1
} 200    211.3567ms
32160 2023-11-24 16:03:04 POST /api/ej-db {
    "ip_address":"10.102.13.93",
    "start_date":"2023-11-16T00:00:00Z",
    "end_date":"2023-11-16T23:59:59Z",
    "limit":30
} 200    103.9393ms
32464 2023-11-24 16:03:52 POST /api/ej-db {
    "ip_address":"10.102.13.93",
    "start_date":"2023-11-16T00:00:00Z",
    "end_date":"2023-11-16T23:59:59Z",
    "limit":30
} 404     5.807489s
32764 2023-11-24 16:04:16 POST /api/ej-db {
    "ip_address":"10.102.13.93",
    "start_date":"2023-11-16T00:00:00Z",
    "end_date":"2023-11-16T23:59:59Z",
    "limit":30
} 404    138.4747ms
646 2023-11-24 16:04:36 POST /api/ej-db {
    "ip_address":"10.102.13.93",
    "start_date":"2023-11-16T00:00:00Z",
    "end_date":"2023-11-16T23:59:59Z",
    "limit":30
} 404    5.6346255s
646 2023-11-24 16:04:48 POST /api/ej-db {
    "ip_address":"10.102.13.93",
    "start_date":"2023-11-16T00:00:00Z",
    "end_date":"2023-11-16T23:59:59Z",
    "limit":10
} 404     136.388ms
1168 2023-11-24 16:05:47 POST /api/ej-db {
    "ip_address":"10.102.13.93",
    "start_date":"2023-11-16T00:00:00Z",
    "end_date":"2023-11-16T23:59:59Z",
    "limit":10
} 404     5.568174s
1498 2023-11-24 16:07:02 POST /api/ej-db {
    "ip_address":"10.102.13.93",
    "start_date":"2023-11-16T00:00:00Z",
    "end_date":"2023-11-16T23:59:59Z",
    "limit":10
} 404   10.7871518s
1888 2023-11-24 16:08:50 POST /api/ej-db {
    "ip_address":"10.102.13.93",
    "start_date":"2023-11-16T00:00:00Z",
    "end_date":"2023-11-16T23:59:59Z",
    "limit":10
} 200    5.5263462s
2393 2023-11-24 16:09:59 POST /api/ej-db {
    "ip_address":"10.102.13.93",
    "start_date":"2023-11-16T00:00:00Z",
    "end_date":"2023-11-16T23:59:59Z",
    "limit":10
} 200    5.6201085s
2393 2023-11-24 16:10:16 POST /api/ej-db {
    "ip_address":"10.102.13.93",
    "start_date":"2023-11-16T00:00:00Z",
    "end_date":"2023-11-15T23:59:59Z",
    "limit":10
} 400       218.9µs
2890 2023-11-24 16:12:08 POST /api/ej-db {
    "ip_address":"10.102.13.93",
    "start_date":"2023-11-16T00:00:00Z",
    "end_date":"2023-11-15T23:59:59Z",
    "limit":10
} 400       183.3µs
4512 2023-11-24 17:50:17 POST /api/ej-db {
    "ip_address":"10.102.13.93",
    "start_date":"2023-11-16 00:00:00Z",
    "end_date":"2023-11-15 23:59:59",
    "limit":10
} 422       415.5µs
5980 2023-11-24 17:57:23 POST /api/ej-db {
    "ip_address":"10.102.13.93",
    "start_date":"2023-11-16 00:00:00Z",
    "end_date":"2023-11-15 23:59:59",
    "limit":10
} 400       196.2µs
5980 2023-11-24 17:57:29 POST /api/ej-db {
    "ip_address":"10.102.13.93",
    "start_date":"2023-11-16 00:00:00",
    "end_date":"2023-11-15 23:59:59",
    "limit":10
} 400       131.7µs
5980 2023-11-24 17:57:34 POST /api/ej-db {
    "ip_address":"10.102.13.93",
    "start_date":"2023-11-16 00:00:00",
    "end_date":"2023-11-16 23:59:59",
    "limit":10
} 400       209.7µs
5980 2023-11-24 17:57:40 POST /api/ej-db {
    "ip_address":"10.102.13.93",
    "start_date":"2023-11-16 00:00:00",
    "end_date":"2023-11-16 23:59:59",
    "limit":10
} 400       125.4µs
7125 2023-11-24 18:07:03 POST /api/ej-db {
    "ip_address":"10.102.13.93",
    "start_date":"2023-11-16 00:00:00",
    "end_date":"2023-11-16 23:59:59",
    "limit":10
} 422       174.2µs
7435 2023-11-24 18:07:30 POST /api/ej-db {
    "ip_address":"10.102.13.93",
    "start_date":"2023-11-16 00:00:00",
    "end_date":"2023-11-16 23:59:59",
    "limit":10
} 400       219.1µs
7751 2023-11-24 18:09:29 POST /api/ej-db {
    "ip_address":"10.102.13.93",
    "start_date":"2023-11-16 00:00:00",
    "end_date":"2023-11-16 23:59:59",
    "limit":10
} 400      1.4012ms
8057 2023-11-24 18:09:42 POST /api/ej-db {
    "ip_address":"10.102.13.93",
    "start_date":"2023-11-16 00:00:00",
    "end_date":"2023-11-16 23:59:59",
    "limit":10
} 400       297.8µs
8609 2023-11-24 18:10:09 POST /api/ej-db {
    "ip_address":"10.102.13.93",
    "start_date":"2023-11-16 00:00:00",
    "end_date":"2023-11-16 23:59:59",
    "limit":10
} 200    5.7009011s
9035 2023-11-24 18:12:58 POST /api/ej-db {
    "ip_address":"10.102.13.93",
    "start_date":"2023-11-16 00:00:00",
    "end_date":"2023-11-16 23:59:59",
    "limit":10
} 400      1.2113ms
9872 2023-11-24 18:21:00 POST /api/ej-db {
    "ip_address":"10.102.13.93",
    "start_date":"2023-11-16 00:00:00",
    "end_date":"2023-11-16 23:59:59",
    "limit":10
} 400      1.3607ms
12085 2023-11-24 18:30:57 POST /api/ej-db {
    "ip_address":"10.102.13.93",
    "start_date":"2023-11-16 00:00:00",
    "limit":10
} 404    5.6604538s
12417 2023-11-24 18:32:02 POST /api/ej-db {
    "ip_address":"10.102.13.93",
    "start_date":"2023-11-16 00:00:00",
    "limit":10
} 404    5.5174814s
12868 2023-11-24 18:33:12 POST /api/ej-db {
    "ip_address":"10.102.13.93",
    "start_date":"2023-11-16 00:00:00",
    "limit":10
} 404    5.3983126s
15663 2023-11-24 18:41:38 POST /api/ej-db {
    "ip_address":"10.102.13.93",
    "start_date":"2023-11-16 00:00:00",
    "limit":10
} 500    5.5375961s
15663 2023-11-24 18:42:35 POST /api/ej-db {
    "ip_address":"10.102.13.93",
    "start_date":"2023-11-16 00:00:00",
    "limit":10
} 500     5.446029s
15663 2023-11-24 18:49:43 POST /api/ej-db {
    "ip_address":"10.102.13.93",
    "start_date":"2023-11-16 00:00:00",
    "limit":10
} 500    5.4811251s
15663 2023-11-24 18:54:58 POST /api/ej-db {
    "ip_address":"10.102.13.93",
    "start_date":"2023-11-16 00:00:00",
    "limit":10
} 500    5.3939161s
16197 2023-11-24 18:56:44 POST /api/ej-db {
    "ip_address":"10.102.13.93",
    "start_date":"2023-11-16 00:00:00",
    "limit":10
} 500    5.3778351s
16941 2023-11-24 18:57:11 POST /api/ej-db {
    "ip_address":"10.102.13.93",
    "start_date":"2023-11-16 00:00:00",
    "limit":10
} 500     40.3054ms
18279 2023-11-24 19:03:35 POST /api/ej-db {
    "ip_address":"10.102.13.93",
    "start_date":"2023-11-16 00:00:00",
    "limit":10
} 404    5.3918767s
18622 2023-11-24 19:04:26 POST /api/ej-db {
    "ip_address":"10.102.13.93",
    "start_date":"2023-11-16 00:00:00",
    "limit":10
} 200    5.4395981s
