15770 2023-11-30 16:11:41 POST /api/ej-db {
    "ip_address":"10.102.13.144",
    "start_date":"2023-11-24 00:00:00",
    "end_date":"2023-11-24 23:59:59",
    "limit":10,
    "page":1
} 400     84.5468ms
16932 2023-11-30 16:14:16 POST /api/ej-db {
    "ip_address":"10.102.13.144",
    "start_date":"2023-11-24 00:00:00",
    "end_date":"2023-11-24 23:59:59",
    "limit":10,
    "page":1
} 400     16.3908ms
16932 2023-11-30 16:15:35 POST /api/ej-db {
    "ip_address":"10.102.13.144",
    "start_date":"2023-11-24 00:00:00",
    "limit":10,
    "page":1
} 400     17.4048ms
18172 2023-11-30 16:17:43 POST /api/ej-db {
    "ip_address":"10.102.13.144",
    "start_date":"2023-11-24 00:00:00",
    "limit":10,
    "page":1
} 400     36.8011ms
18493 2023-11-30 16:18:08 POST /api/ej-db {
    "ip_address":"10.102.13.144",
    "start_date":"2023-11-24 00:00:00",
    "limit":10,
    "page":1
} 400     28.6255ms
19014 2023-11-30 16:18:36 POST /api/ej-db {
    "ip_address":"10.102.13.144",
    "start_date":"2023-11-24 00:00:00",
    "limit":10,
    "page":1
} 400     45.7758ms
19449 2023-11-30 16:19:27 POST /api/ej-db {
    "ip_address":"10.102.13.144",
    "start_date":"2023-11-24 00:00:00",
    "limit":10,
    "page":1
} 400     17.3284ms
19449 2023-11-30 16:20:01 POST /api/ej-db {
    "ip_address":"10.102.13.55",
    "start_date":"2023-11-24 00:00:00",
    "limit":10,
    "page":1
} 400     29.7333ms
19931 2023-11-30 16:22:59 POST /api/ej-db {
    "ip_address":"10.102.13.55",
    "start_date":"2023-11-24 00:00:00",
    "limit":10,
    "page":1
} 400     61.9602ms
20445 2023-11-30 16:25:10 POST /api/ej-db {
    "ip_address":"10.102.13.55",
    "start_date":"2023-11-24 00:00:00",
    "limit":10,
    "page":1
} 400      6.7457ms
20918 2023-11-30 16:25:57 POST /api/ej-db {
    "ip_address":"10.102.13.55",
    "start_date":"2023-11-24 00:00:00",
    "limit":10,
    "page":1
} 400     23.3589ms
24103 2023-11-30 16:33:26 POST /api/ej-db {
    "ip_address":"10.102.13.55",
    "start_date":"2023-11-24 00:00:00",
    "limit":10,
    "page":1
} 400     19.7962ms
24393 2023-11-30 16:33:58 POST /api/ej-db {
    "ip_address":"10.102.13.55",
    "start_date":"2023-11-24 00:00:00",
    "limit":10,
    "page":1
} 400     16.3548ms
24770 2023-11-30 16:35:10 POST /api/ej-db {
    "ip_address":"10.102.13.55",
    "start_date":"2023-11-24 00:00:00",
    "limit":10,
    "page":1
} 400     31.8187ms
27742 2023-11-30 16:59:46 POST /api/ej-db {
    "ip_address":"10.102.13.55",
    "start_date":"2023-11-24 00:00:00",
    "limit":10,
    "page":1
} 400     43.2736ms
28598 2023-11-30 17:01:53 POST /api/ej-db {
    "ip_address":"10.102.13.55",
    "start_date":"2023-11-24 00:00:00",
    "limit":10,
    "page":1
} 400      3.8695ms
29490 2023-11-30 17:04:26 POST /api/ej-db {
    "ip_address":"10.102.13.55",
    "start_date":"2023-11-24 00:00:00",
    "limit":10,
    "page":1
} 400     10.7613ms
29932 2023-11-30 17:42:11 POST /api/ej-db {
    "ip_address":"10.102.13.55",
    "start_date":"2023-11-24 00:00:00",
    "limit":10,
    "page":1
} 400      4.5143ms
30248 2023-12-01 06:14:44 GET /api/ping  404      1.9815ms
