1088 2023-11-22 12:04:19 POST /api/ej-nfs {"tid":"90132","ip_address":"10234","date_request":"2023-11-02"} {"message":"success","code":200,"data":{"ejlog":""}}      3.7981ms
4211 2023-11-22 12:11:35 POST /api/ej-nfs {"tid":"90132","ip_address":"10234","date_request":"2023-11-02"} {"message":"success","code":200,"data":{"ejlog":""}}       102.7µs
4770 2023-11-22 12:16:08 POST /api/ej-nfs {"tid":"90132","ip_address":"10234","date_request":"2023-11-"} {"message":"success","code":200,"data":{"ejlog":""}}         661µs
5131 2023-11-22 12:16:52 POST /api/ej-nfs {"tid":"90132","ip_address":"10234","date_request":"2023-11-"} {"message":"success","code":200,"data":{"ejlog":""}}       101.7µs
5131 2023-11-22 12:17:00 POST /api/ej-nfs {"tid":"90132","ip_address":"10234","date_request":""} {"message":"success","code":200,"data":{"ejlog":""}}        57.7µs
5436 2023-11-22 12:17:48 POST /api/ej-nfs {"tid":"90132","ip_address":"10234","date_request":""} {"message":"success","code":200,"data":{"ejlog":""}}       265.3µs
5792 2023-11-22 12:18:44 POST /api/ej-nfs {"tid":"90132","ip_address":"10234","date_request":""} {"message":"success","code":200,"data":{"ejlog":""}}       177.9µs
6118 2023-11-22 12:19:17 POST /api/ej-nfs {"tid":"90132","ip_address":"10234","date_request":""} {"message":"success","code":200,"data":{"ejlog":""}}       153.1µs
6118 2023-11-22 12:19:27 POST /api/ej-nfs {"tid":"90132","ip_address":"10234","date_request":""} {"message":"success","code":200,"data":{"ejlog":""}}        92.1µs
6465 2023-11-22 12:19:32 POST /api/ej-nfs {"tid":"90132","ip_address":"10234","date_request":""} {"message":"success","code":200,"data":{"ejlog":""}}         148µs
6785 2023-11-22 12:19:52 POST /api/ej-nfs {"tid":"90132","ip_address":"10234","date_request":""} {"message":"success","code":200,"data":{"ejlog":""}}       553.2µs
7556 2023-11-22 12:22:46 POST /api/ej-nfs {"tid":"90132","ip_address":"10234","date_request":"2023"} {"message":"success","code":200,"data":{"ejlog":""}}         130µs
7556 2023-11-22 12:22:58 POST /api/ej-nfs {
    "tid":"90132",
    "ip_address":"10234","date_request":"2023"} {"message":"success","code":200,"data":{"ejlog":""}}          79µs
7556 2023-11-22 12:23:06 POST /api/ej-nfs {
    "tid":"90132",
    "ip_address":"10234",
    "date_request":"2023"
} {"message":"success","code":200,"data":{"ejlog":""}}        90.4µs
9802 2023-11-22 12:44:06 POST /api/ej-nfs {
    "tid":"90132",
    "ip_address":"10234",
    "date_request":"2023"
} {"message":"success","code":200,"data":{"ejlog":""}}       614.6µs
9802 2023-11-22 12:44:25 POST /api/ej-nfs {
    "tid":"90132",
    "ip_address":"10234",
    "date_request":"2023"
} {"message":"success","code":200,"data":{"ejlog":""}}       584.8µs
10140 2023-11-22 12:45:57 POST /api/ej-nfs {
    "tid":"90132",
    "ip_address":"10234",
    "date_request":"2023"
} {"code":400,"message":"[Tid]: '' | Needs to implement 'required' and [IpAddress]: '' | Needs to implement 'required' and [DateInsert]: '' | Needs to implement 'required'"}       194.9µs
10451 2023-11-22 12:47:05 POST /api/ej-nfs {
    "tid":"90132",
    "ip_address":"10234",
    "date_request":"2023"
} {"code":400,"message":"[Tid]: '' | Needs to implement 'min' and [IpAddress]: '' | Needs to implement 'ip' and [DateInsert]: '' | Needs to implement 'min'"}       322.9µs
10741 2023-11-22 12:47:44 POST /api/ej-nfs {
    "tid":"90132",
    "ip_address":"10234",
    "date_request":"2023"
} {"code":400,"message":"[Tid]: '' | Needs to implement 'min' and [IpAddress]: '' | Needs to implement 'ip' and [DateInsert]: '' | Needs to implement 'min'"}       182.8µs
11184 2023-11-22 12:48:42 POST /api/ej-nfs {
    "tid":"90132",
    "ip_address":"10234",
    "date_request":"2023"
} {"code":400,"message":"[IpAddress]: '10234' | Needs to implement 'ip' and [DateInsert]: '2023' | Needs to implement 'min'"}      1.4894ms
12093 2023-11-22 12:59:12 POST /api/ej-nfs {
    "tid":"90132",
    "ip_address":"10234",
    "date_request":"2023"
} {"code":400,"message":"[[IpAddress]: '10234' | Needs to implement 'ip' [DateInsert]: '2023' | Needs to implement 'min']"}       160.3µs
12376 2023-11-22 13:01:07 POST /api/ej-nfs {
    "tid":"90132",
    "ip_address":"10234",
    "date_request":"2023"
} {"code":400,"message":"[IpAddress: '10234', Needs to implement 'ip' DateInsert: '2023', Needs to implement 'min']"}       230.6µs
12939 2023-11-22 13:02:49 POST /api/ej-nfs {
    "tid":"90132",
    "ip_address":"10234",
    "date_request":"2023"
} {"code":400,"message":"IpAddress: '10234' Needs to implement 'ip'|DateInsert: '2023' Needs to implement 'min'"}       135.9µs
13517 2023-11-22 13:03:53 POST /api/ej-nfs {
    "tid":"90132",
    "ip_address":"10234",
    "date_request":"2023"
} {"code":400,"message":"IpAddress: '10234' Needs to implement 'ip' (true)|DateInsert: '2023' Needs to implement 'min' (true)"}       132.3µs
16143 2023-11-22 13:18:44 POST /api/ej-nfs {
    "tid":"90132",
    "ip_address":"10234",
    "date_request":"2023"
} {"code":400,"message":"IpAddress: '10234' Needs to implement 'Invalid format ip address' (true)|DateInsert: '2023' Needs to implement 'This field below min character' (true)"}       104.4µs
16460 2023-11-22 13:19:59 POST /api/ej-nfs {
    "tid":"90132",
    "ip_address":"10234",
    "date_request":"2023"
} {"code":400,"message":"IpAddress: '10234' 'Invalid format ip address' (true)|DateInsert: '2023' 'This field below min character' (true)"}      1.0656ms
18972 2023-11-22 14:18:06 POST /api/ej-nfs {
    "tid":"90132",
    "ip_address":"10234",
    "date_request":"2023"
} {"code":400,"message":"[{\"field\":\"IpAddress\",\"msg\":\"Invalid format ip address\"},{\"field\":\"DateInsert\",\"msg\":\"This field below min character\"}]"}      1.7612ms
21742 2023-11-22 14:30:04 POST /api/ej-nfs {
    "tid":"90132",
    "ip_address":"10234",
    "date_request":"2023"
} {"message":"error validation","code":500,"error":"W3siZmllbGQiOiJJcEFkZHJlc3MiLCJtZXNzYWdlIjoiSW52YWxpZCBmb3JtYXQgaXAgYWRkcmVzcyJ9LHsiZmllbGQiOiJEYXRlSW5zZXJ0IiwibWVzc2FnZSI6IlRoaXMgZmllbGQgYmVsb3cgbWluIGNoYXJhY3RlciJ9XQ=="}       350.5µs
22037 2023-11-22 14:30:32 POST /api/ej-nfs {
    "tid":"90132",
    "ip_address":"10234",
    "date_request":"2023"
} {"message":"error validation","code":500,"error":[{"field":"IpAddress","message":"Invalid format ip address"},{"field":"DateInsert","message":"This field below min character"}]}       104.2µs
